  Using bundled DotNet SDK
  Log file: C:\Users\lnesmith\AppData\Local\UnrealBuildTool\Log.txt
  Using 'git status' to determine working set for adaptive non-unity build (C:\Users\lnesmith\Documents\GitHub\GCS_Unreal\Bomberman-mechanics).
  Building BombermanMechanicsEditor...
  Using Visual Studio 2022 14.33.31629 toolchain (C:\Program Files\Microsoft Visual Studio\2022\Community\VC\Tools\MSVC\14.33.31629) and Windows 10.0.19041.0 SDK (C:\Program Files (x86)\Windows Kits\10).
  Determining max actions to execute in parallel (14 physical cores, 20 logical cores)
    Executing up to 14 processes, one per physical core
    Requested 1,5 GB free memory per action, 15,21 GB available: limiting max parallel actions to 10
  Building 9 actions with 9 processes...
  [1/9] Compile BombermanMechanics.init.gen.cpp
  [2/9] Compile BombInventory_Component.gen.cpp
  [3/9] Compile BombInventory_Component.cpp
  [4/9] Compile Bomb_Component.gen.cpp
  [5/9] Compile Destructible_Component.cpp
  [6/9] Compile Bomb_Component.cpp
  [7/9] Link UnrealEditor-BombermanMechanics.lib
     Creating library C:\Users\lnesmith\Documents\GitHub\GCS_Unreal\Bomberman-mechanics\BombermanMechanics\Intermediate\Build\Win64\UnrealEditor\Development\BombermanMechanics\UnrealEditor-BombermanMechanics.lib and object C:\Users\lnesmith\Documents\GitHub\GCS_Unreal\Bomberman-mechanics\BombermanMechanics\Intermediate\Build\Win64\UnrealEditor\Development\BombermanMechanics\UnrealEditor-BombermanMechanics.exp
  [8/9] Link UnrealEditor-BombermanMechanics.dll
     Creating library C:\Users\lnesmith\Documents\GitHub\GCS_Unreal\Bomberman-mechanics\BombermanMechanics\Intermediate\Build\Win64\UnrealEditor\Development\BombermanMechanics\UnrealEditor-BombermanMechanics.suppressed.lib and object C:\Users\lnesmith\Documents\GitHub\GCS_Unreal\Bomberman-mechanics\BombermanMechanics\Intermediate\Build\Win64\UnrealEditor\Development\BombermanMechanics\UnrealEditor-BombermanMechanics.suppressed.exp
  [9/9] WriteMetadata BombermanMechanicsEditor.target
  Total time in Parallel executor: 2,28 seconds
  Total execution time: 2,76 seconds
